<?xml version="1.0" encoding="UTF-8"?>
<!-- Generated by org.testng.reporters.JUnitReportReporter -->
<testsuite hostname="Nahid" failures="0" tests="4" name="com.regression.GoogleSearch" time="8.720" errors="0" timestamp="2023-10-10T12:12:22 EDT" skipped="0">
  <testcase classname="com.regression.GoogleSearch" name="Setup" time="4.686"/>
  <system-out/>
  <testcase classname="com.regression.GoogleSearch" name="test1" time="0.533"/>
  <system-out/>
  <testcase classname="com.regression.GoogleSearch" name="test2" time="0.296"/>
  <system-out/>
  <testcase classname="com.regression.GoogleSearch" name="tearDown" time="3.205"/>
  <system-out/>
</testsuite> <!-- com.regression.GoogleSearch -->
