<?xml version="1.0" encoding="UTF-8"?>
<!-- Generated by org.testng.reporters.JUnitReportReporter -->
<testsuite hostname="Nahid" failures="0" tests="1" name="com.cucumber.CucumberRunner" time="3.887" errors="0" timestamp="2023-10-10T12:13:20 EDT" skipped="0">
  <testcase classname="com.cucumber.CucumberRunner" name="runScenario" time="3.887"/>
  <system-out/>
</testsuite> <!-- com.cucumber.CucumberRunner -->
